[2025-11-29 12:41:41.597] [INFO] Client créé pour -v:8080
[2025-11-29 12:41:44.698] [ERROR] Adresse serveur invalide
[2025-11-29 12:41:46.744] [INFO] Client créé pour -v:8080
[2025-11-29 12:41:48.405] [ERROR] Adresse serveur invalide
[2025-11-29 12:42:20.515] [INFO] Client créé pour -v:8080
[2025-11-29 12:42:22.513] [ERROR] Adresse serveur invalide
[2025-11-29 12:42:45.659] [INFO] Client créé pour 127.0.0.1:8080
[2025-11-29 12:42:47.188] [DEBUG] MessageHandler créé pour socket 4
[2025-11-29 12:42:47.188] [CONNECT] Connecté en tant que Bob
[2025-11-29 12:42:47.188] [INFO] Démarrage du thread d'écoute des messages
[2025-11-29 12:42:58.395] [DEBUG] PING reçu, PONG envoyé
[2025-11-29 12:43:18.538] [INFO] Client créé pour 127.0.0.1:8080
[2025-11-29 12:43:20.386] [DEBUG] MessageHandler créé pour socket 4
[2025-11-29 12:43:20.386] [CONNECT] Connecté en tant que Alice
[2025-11-29 12:43:20.386] [INFO] Démarrage du thread d'écoute des messages
[2025-11-29 12:43:29.812] [DEBUG] PING reçu, PONG envoyé
[2025-11-29 12:43:29.812] [DEBUG] PING reçu, PONG envoyé
[2025-11-29 12:43:30.255] [INFO] Message envoyé à Alice
[2025-11-29 12:43:30.255] [INFO] Message envoyé à Alice
[2025-11-29 12:43:30.255] [INFO] Réponse OK: Message envoyé
[2025-11-29 12:43:30.261] [INFO] Message reçu de Bob (index: 0)
[2025-11-29 12:43:32.780] [INFO] Affichage de 1 messages non lus
[2025-11-29 12:43:35.761] [INFO] Message #0 marqué comme lu
[2025-11-29 12:43:35.761] [INFO] Lecture du message #0 de Bob
[2025-11-29 12:43:41.867] [INFO] Réponse au message #0 vers Bob
[2025-11-29 12:43:41.867] [INFO] Message envoyé à Bob
[2025-11-29 12:43:41.867] [INFO] Réponse envoyée au message #0
[2025-11-29 12:43:41.867] [INFO] Réponse OK: Message envoyé
[2025-11-29 12:43:41.875] [INFO] Message reçu de Alice (index: 0)
[2025-11-29 12:43:43.925] [INFO] Demande de liste d'utilisateurs envoyée
[2025-11-29 12:43:43.925] [DEBUG] Liste USERS reçue
[2025-11-29 12:44:01.228] [DEBUG] PING reçu, PONG envoyé
[2025-11-29 12:44:01.228] [INFO] Demande de liste d'utilisateurs envoyée
[2025-11-29 12:44:01.229] [INFO] Connexion fermée
[2025-11-29 12:44:32.647] [DEBUG] PING reçu, PONG envoyé
[2025-11-29 12:45:04.065] [DEBUG] PING reçu, PONG envoyé
[2025-11-29 12:45:35.486] [DEBUG] PING reçu, PONG envoyé
[2025-11-29 12:45:45.310] [INFO] Connexion fermée
[2025-11-29 12:49:28.744] [INFO] Client créé pour 127.0.0.1:8080
[2025-11-29 12:49:34.363] [DEBUG] MessageHandler créé pour socket 4
[2025-11-29 12:49:34.363] [CONNECT] Connecté en tant que Bob
[2025-11-29 12:49:34.363] [INFO] Démarrage du thread d'écoute des messages
[2025-11-29 12:49:38.440] [DEBUG] Envoi de la commande DISCONNECT
[2025-11-29 12:49:38.440] [INFO] Connexion fermée
[2025-11-29 12:49:38.440] [DISCONNECT] Déconnecté
[2025-11-29 12:51:13.572] [INFO] Client créé pour 127.0.0.1:8080
[2025-11-29 12:51:17.886] [ERROR] Échec de la connexion: no response
[2025-11-29 12:51:21.590] [INFO] Client créé pour 127.0.0.1:8080
[2025-11-29 12:51:22.608] [DEBUG] MessageHandler créé pour socket 4
[2025-11-29 12:51:22.609] [CONNECT] Connecté en tant que mama
[2025-11-29 12:51:22.609] [INFO] Démarrage du thread d'écoute des messages
[2025-11-29 12:51:31.830] [INFO] Demande de log serveur envoyée
[2025-11-29 12:51:31.838] [INFO] Log serveur affiché
[2025-11-29 12:51:34.222] [INFO] Demande de liste d'utilisateurs envoyée
[2025-11-29 12:51:34.223] [DEBUG] Liste USERS reçue
[2025-11-29 12:51:51.097] [DEBUG] PING reçu, PONG envoyé
[2025-11-29 12:52:22.544] [DEBUG] PING reçu, PONG envoyé
[2025-11-29 12:52:53.990] [DEBUG] PING reçu, PONG envoyé
[2025-11-29 12:52:54.416] [INFO] Client créé pour 127.0.0.1:8080
[2025-11-29 12:52:59.169] [DEBUG] MessageHandler créé pour socket 4
[2025-11-29 12:52:59.169] [CONNECT] Connecté en tant que pa
[2025-11-29 12:52:59.170] [INFO] Démarrage du thread d'écoute des messages
[2025-11-29 12:53:07.119] [INFO] Demande de log serveur envoyée
[2025-11-29 12:53:07.130] [INFO] Log serveur affiché
[2025-11-29 12:53:08.358] [INFO] Demande de liste d'utilisateurs envoyée
[2025-11-29 12:53:08.358] [INFO] Liste affichée: 2 utilisateur(s)
[2025-11-29 12:53:08.358] [DEBUG] Liste USERS reçue
[2025-11-29 12:53:16.956] [INFO] Demande de log serveur envoyée
[2025-11-29 12:53:16.964] [INFO] Log serveur affiché
[2025-11-29 12:53:18.536] [INFO] Demande de liste d'utilisateurs envoyée
[2025-11-29 12:53:18.537] [INFO] Liste affichée: 2 utilisateur(s)
[2025-11-29 12:53:18.537] [DEBUG] Liste USERS reçue
[2025-11-29 12:53:25.444] [DEBUG] PING reçu, PONG envoyé
[2025-11-29 12:53:25.715] [INFO] Client créé pour 127.0.0.1:8080
[2025-11-29 12:53:27.642] [DEBUG] MessageHandler créé pour socket 4
[2025-11-29 12:53:27.642] [CONNECT] Connecté en tant que bob
[2025-11-29 12:53:27.642] [INFO] Démarrage du thread d'écoute des messages
[2025-11-29 12:53:29.151] [INFO] Demande de liste d'utilisateurs envoyée
[2025-11-29 12:53:29.151] [INFO] Liste affichée: 2 utilisateur(s)
[2025-11-29 12:53:29.151] [DEBUG] Liste USERS reçue
[2025-11-29 12:53:56.907] [DEBUG] PING reçu, PONG envoyé
[2025-11-29 12:53:56.907] [DEBUG] PING reçu, PONG envoyé
[2025-11-29 12:54:14.532] [INFO] Client créé pour 127.0.0.1:8080
[2025-11-29 12:54:15.911] [DEBUG] MessageHandler créé pour socket 4
[2025-11-29 12:54:15.911] [CONNECT] Connecté en tant que bob
[2025-11-29 12:54:15.911] [INFO] Démarrage du thread d'écoute des messages
[2025-11-29 12:54:17.879] [INFO] Demande de liste d'utilisateurs envoyée
[2025-11-29 12:54:17.879] [INFO] Liste affichée: 2 utilisateur(s)
[2025-11-29 12:54:17.880] [DEBUG] Liste USERS reçue
[2025-11-29 12:54:24.147] [INFO] Demande de log serveur envoyée
[2025-11-29 12:54:24.155] [INFO] Log serveur affiché
[2025-11-29 12:54:28.407] [DEBUG] PING reçu, PONG envoyé
[2025-11-29 12:54:28.407] [DEBUG] PING reçu, PONG envoyé
[2025-11-29 12:54:30.209] [INFO] Message envoyé à alice
[2025-11-29 12:54:30.209] [INFO] Message envoyé à alice
[2025-11-29 12:54:30.209] [INFO] Réponse OK: Message envoyé
[2025-11-29 12:54:59.941] [DEBUG] PING reçu, PONG envoyé
[2025-11-29 12:55:31.366] [DEBUG] PING reçu, PONG envoyé
[2025-11-29 12:55:31.366] [INFO] Connexion fermée
[2025-11-29 12:55:42.003] [INFO] Client créé pour 127.0.0.1:8080
[2025-11-29 12:55:43.218] [DEBUG] MessageHandler créé pour socket 4
[2025-11-29 12:55:43.219] [CONNECT] Connecté en tant que bob
[2025-11-29 12:55:43.219] [INFO] Démarrage du thread d'écoute des messages
[2025-11-29 12:55:47.106] [INFO] Message envoyé à alice
[2025-11-29 12:55:47.106] [DEBUG] Réponse OK: Message envoyé
[2025-11-29 12:55:49.886] [INFO] Demande de log serveur envoyée
[2025-11-29 12:55:49.894] [INFO] Connexion fermée
[2025-11-29 12:55:53.266] [INFO] Client créé pour 127.0.0.1:8080
[2025-11-29 12:55:54.497] [ERROR] Échec de la connexion: ERROR;Username already exists

[2025-11-29 12:55:57.001] [INFO] Client créé pour 127.0.0.1:8080
[2025-11-29 12:55:58.266] [DEBUG] MessageHandler créé pour socket 4
[2025-11-29 12:55:58.266] [CONNECT] Connecté en tant que popo
[2025-11-29 12:55:58.266] [INFO] Démarrage du thread d'écoute des messages
[2025-11-29 12:56:01.605] [INFO] Demande de liste d'utilisateurs envoyée
[2025-11-29 12:56:01.605] [INFO] Liste affichée: 2 utilisateur(s)
[2025-11-29 12:56:01.606] [DEBUG] Liste USERS reçue
[2025-11-29 12:56:02.821] [DEBUG] PING reçu, PONG envoyé
[2025-11-29 12:56:32.822] [DEBUG] PING reçu, PONG envoyé
[2025-11-29 12:57:04.414] [DEBUG] PING reçu, PONG envoyé
[2025-11-29 12:57:13.351] [INFO] Connexion fermée
[2025-11-29 12:57:27.086] [INFO] Client créé pour 127.0.0.1:8080
[2025-11-29 12:57:28.663] [DEBUG] MessageHandler créé pour socket 4
[2025-11-29 12:57:28.663] [CONNECT] Connecté en tant que Bob
[2025-11-29 12:57:28.663] [INFO] Démarrage du thread d'écoute des messages
[2025-11-29 12:57:31.399] [DEBUG] Aucun message non lu
[2025-11-29 12:57:38.003] [INFO] Demande de log serveur envoyée
[2025-11-29 12:57:56.690] [INFO] Connexion fermée
[2025-11-29 12:59:22.182] [INFO] Client créé pour 127.0.0.1:8080
[2025-11-29 12:59:25.297] [DEBUG] MessageHandler créé pour socket 4
[2025-11-29 12:59:25.297] [CONNECT] Connecté en tant que Bob
[2025-11-29 12:59:25.297] [INFO] Démarrage du thread d'écoute des messages
[2025-11-29 12:59:28.285] [INFO] Demande de log serveur envoyée
[2025-11-29 12:59:28.293] [DEBUG] Log serveur reçu et affiché
[2025-11-29 12:59:33.679] [INFO] Demande de liste d'utilisateurs envoyée
[2025-11-29 12:59:33.679] [INFO] Liste affichée: 1 utilisateur(s)
[2025-11-29 12:59:33.679] [DEBUG] Liste USERS reçue
[2025-11-29 12:59:43.412] [INFO] Client créé pour 127.0.0.1:8080
[2025-11-29 12:59:44.565] [DEBUG] MessageHandler créé pour socket 4
[2025-11-29 12:59:44.565] [CONNECT] Connecté en tant que bob
[2025-11-29 12:59:44.565] [INFO] Démarrage du thread d'écoute des messages
[2025-11-29 12:59:45.873] [INFO] Demande de liste d'utilisateurs envoyée
[2025-11-29 12:59:45.873] [INFO] Liste affichée: 1 utilisateur(s)
[2025-11-29 12:59:45.873] [DEBUG] Liste USERS reçue
[2025-11-29 12:59:50.452] [INFO] Demande de log serveur envoyée
[2025-11-29 12:59:50.460] [DEBUG] Log serveur reçu et affiché
[2025-11-29 12:59:58.696] [DEBUG] Aucun message non lu
[2025-11-29 13:00:01.536] [WARNING] Tentative de lecture d'un message inexistant: #0
[2025-11-29 13:00:05.241] [INFO] Demande de log serveur envoyée
[2025-11-29 13:00:05.251] [DEBUG] Log serveur reçu et affiché
[2025-11-29 13:00:09.076] [INFO] Demande de liste d'utilisateurs envoyée
[2025-11-29 13:00:09.076] [INFO] Liste affichée: 1 utilisateur(s)
[2025-11-29 13:00:09.076] [DEBUG] Liste USERS reçue
[2025-11-29 13:00:12.367] [DEBUG] PING reçu, PONG envoyé
[2025-11-29 13:00:12.368] [INFO] Connexion fermée
[2025-11-29 13:00:54.802] [INFO] Client créé pour 127.0.0.1:8080
[2025-11-29 13:00:56.036] [DEBUG] MessageHandler créé pour socket 4
[2025-11-29 13:00:56.036] [CONNECT] Connecté en tant que Bob
[2025-11-29 13:00:56.036] [INFO] Démarrage du thread d'écoute des messages
[2025-11-29 13:00:58.214] [DEBUG] Demande de liste d'utilisateurs envoyée
[2025-11-29 13:00:58.214] [DEBUG] Liste affichée: 1 utilisateur(s)
[2025-11-29 13:00:58.214] [DEBUG] Liste USERS reçue
[2025-11-29 13:01:02.540] [DEBUG] Demande de log serveur envoyée
[2025-11-29 13:01:02.550] [DEBUG] Log serveur reçu et affiché
[2025-11-29 13:01:08.342] [DEBUG] Demande de liste d'utilisateurs envoyée
[2025-11-29 13:01:08.342] [DEBUG] Liste affichée: 1 utilisateur(s)
[2025-11-29 13:01:08.342] [DEBUG] Liste USERS reçue
[2025-11-29 13:01:24.810] [DEBUG] PING reçu, PONG envoyé
[2025-11-29 13:01:24.810] [INFO] Connexion fermée
[2025-11-29 13:04:46.664] [INFO] Client créé pour 127.0.0.1:8080
[2025-11-29 13:04:47.767] [DEBUG] MessageHandler créé pour socket 4
[2025-11-29 13:04:47.767] [CONNECT] Connecté en tant que Bob
[2025-11-29 13:04:47.768] [INFO] Démarrage du thread d'écoute des messages
[2025-11-29 13:04:49.563] [DEBUG] Demande de liste d'utilisateurs envoyée
[2025-11-29 13:04:49.563] [DEBUG] Liste affichée: 1 utilisateur(s)
[2025-11-29 13:04:49.563] [DEBUG] Liste USERS reçue
[2025-11-29 13:04:50.756] [DEBUG] Demande de log serveur envoyée
[2025-11-29 13:04:56.919] [DEBUG] Log serveur reçu et affiché
[2025-11-29 13:05:03.465] [INFO] Message envoyé à all
[2025-11-29 13:05:03.465] [DEBUG] Réponse OK: Broadcast envoyé
[2025-11-29 13:05:12.629] [DEBUG] PING reçu, PONG envoyé
[2025-11-29 13:05:49.149] [DEBUG] PING reçu, PONG envoyé
[2025-11-29 13:06:25.670] [DEBUG] PING reçu, PONG envoyé
[2025-11-29 13:07:02.193] [DEBUG] PING reçu, PONG envoyé
[2025-11-29 13:07:38.714] [DEBUG] PING reçu, PONG envoyé
[2025-11-29 13:08:15.236] [DEBUG] PING reçu, PONG envoyé
[2025-11-29 13:08:51.759] [DEBUG] PING reçu, PONG envoyé
[2025-11-29 13:09:28.266] [DEBUG] PING reçu, PONG envoyé
[2025-11-29 13:10:06.413] [DEBUG] PING reçu, PONG envoyé
[2025-11-29 13:10:42.882] [DEBUG] PING reçu, PONG envoyé
[2025-11-29 13:11:19.430] [DEBUG] PING reçu, PONG envoyé
[2025-11-29 13:11:55.982] [DEBUG] PING reçu, PONG envoyé
[2025-11-29 13:12:32.548] [DEBUG] PING reçu, PONG envoyé
[2025-11-29 13:13:09.101] [DEBUG] PING reçu, PONG envoyé
[2025-11-29 13:13:45.648] [DEBUG] PING reçu, PONG envoyé
[2025-11-29 13:14:22.201] [DEBUG] PING reçu, PONG envoyé
[2025-11-29 13:14:58.761] [DEBUG] PING reçu, PONG envoyé
[2025-11-29 13:15:35.335] [DEBUG] PING reçu, PONG envoyé
[2025-11-29 13:15:47.354] [INFO] Client créé pour 127.0.0.1:8080
[2025-11-29 13:15:53.016] [ERROR] Échec de la connexion: no response
[2025-11-29 13:15:57.211] [INFO] Client créé pour 127.0.0.1:8080
[2025-11-29 13:15:58.447] [DEBUG] MessageHandler créé pour socket 4
[2025-11-29 13:15:58.447] [CONNECT] Connecté en tant que mama
[2025-11-29 13:15:58.447] [INFO] Démarrage du thread d'écoute des messages
[2025-11-29 13:16:00.597] [DEBUG] Demande de log serveur envoyée
[2025-11-29 13:16:02.216] [DEBUG] Log serveur reçu et affiché
[2025-11-29 13:16:05.529] [DEBUG] Aucun message non lu
[2025-11-29 13:16:26.689] [DEBUG] PING reçu, PONG envoyé
[2025-11-29 13:17:03.255] [DEBUG] PING reçu, PONG envoyé
[2025-11-29 13:17:39.960] [DEBUG] PING reçu, PONG envoyé
[2025-11-29 13:18:16.572] [DEBUG] PING reçu, PONG envoyé
[2025-11-29 13:18:53.391] [DEBUG] PING reçu, PONG envoyé
[2025-11-29 13:19:30.004] [DEBUG] PING reçu, PONG envoyé
[2025-11-29 13:20:06.747] [DEBUG] PING reçu, PONG envoyé
[2025-11-29 13:20:43.415] [DEBUG] PING reçu, PONG envoyé
[2025-11-29 13:21:20.155] [DEBUG] PING reçu, PONG envoyé
[2025-11-29 13:21:58.587] [DEBUG] PING reçu, PONG envoyé
[2025-11-29 13:22:35.327] [DEBUG] PING reçu, PONG envoyé
[2025-11-29 13:23:12.052] [DEBUG] PING reçu, PONG envoyé
[2025-11-29 13:23:48.752] [DEBUG] PING reçu, PONG envoyé
[2025-11-29 13:24:25.414] [DEBUG] PING reçu, PONG envoyé
[2025-11-29 13:25:02.068] [DEBUG] PING reçu, PONG envoyé
[2025-11-29 13:25:38.753] [DEBUG] PING reçu, PONG envoyé
[2025-11-29 13:26:15.469] [DEBUG] PING reçu, PONG envoyé
[2025-11-29 13:26:52.097] [DEBUG] PING reçu, PONG envoyé
[2025-11-29 13:27:28.717] [DEBUG] PING reçu, PONG envoyé
[2025-11-29 13:28:05.673] [DEBUG] PING reçu, PONG envoyé
[2025-11-29 13:28:42.296] [DEBUG] PING reçu, PONG envoyé
[2025-11-29 13:29:16.336] [INFO] Connexion fermée
[2025-11-29 13:29:28.626] [INFO] Client créé pour 127.0.0.1:8080
[2025-11-29 13:29:30.382] [DEBUG] MessageHandler créé pour socket 4
[2025-11-29 13:29:30.382] [CONNECT] Connecté en tant que Bob
[2025-11-29 13:29:30.382] [INFO] Démarrage du thread d'écoute des messages
[2025-11-29 13:29:35.210] [INFO] Message envoyé à meme
[2025-11-29 13:29:35.211] [ERROR] Erreur serveur: User 'meme' does not exist or is offline
[2025-11-29 13:29:43.578] [DEBUG] Envoi de la commande DISCONNECT
[2025-11-29 13:29:43.578] [INFO] Connexion fermée
[2025-11-29 13:29:43.578] [DISCONNECT] Déconnecté
[2025-11-29 13:29:55.702] [INFO] Client créé pour 127.0.0.1:8080
[2025-11-29 13:29:57.111] [DEBUG] MessageHandler créé pour socket 4
[2025-11-29 13:29:57.111] [CONNECT] Connecté en tant que Bob
[2025-11-29 13:29:57.111] [INFO] Démarrage du thread d'écoute des messages
[2025-11-29 13:29:58.825] [DEBUG] Demande de liste d'utilisateurs envoyée
[2025-11-29 13:29:58.825] [DEBUG] Liste affichée: 1 utilisateur(s)
[2025-11-29 13:29:58.825] [DEBUG] Liste USERS reçue
[2025-11-29 13:30:03.221] [INFO] Message envoyé à mzmz
[2025-11-29 13:30:03.221] [ERROR] Erreur serveur: User 'mzmz' does not exist or is offline
[2025-11-29 13:30:10.988] [DEBUG] Demande de liste d'utilisateurs envoyée
[2025-11-29 13:30:10.988] [DEBUG] Liste affichée: 1 utilisateur(s)
[2025-11-29 13:30:10.988] [DEBUG] Liste USERS reçue
[2025-11-29 13:30:12.618] [DEBUG] Demande de log serveur envoyée
[2025-11-29 13:30:14.348] [DEBUG] Log serveur reçu et affiché
[2025-11-29 13:30:15.713] [DEBUG] Demande de liste d'utilisateurs envoyée
[2025-11-29 13:30:15.714] [DEBUG] Liste affichée: 1 utilisateur(s)
[2025-11-29 13:30:15.714] [DEBUG] Liste USERS reçue
[2025-11-29 13:30:17.280] [DEBUG] Aucun message non lu
[2025-11-29 13:30:19.033] [WARNING] Message #1 introuvable
[2025-11-29 13:30:19.033] [WARNING] Tentative de lecture d'un message inexistant: #1
[2025-11-29 13:30:21.540] [INFO] Message envoyé à fgdgfdh
[2025-11-29 13:30:21.541] [ERROR] Erreur serveur: User 'fgdgfdh' does not exist or is offline
[2025-11-29 13:30:24.074] [DEBUG] Demande de liste d'utilisateurs envoyée
[2025-11-29 13:30:24.074] [DEBUG] Liste affichée: 1 utilisateur(s)
[2025-11-29 13:30:24.074] [DEBUG] Liste USERS reçue
[2025-11-29 13:30:24.655] [DEBUG] PING reçu, PONG envoyé
[2025-11-29 13:30:26.438] [DEBUG] Demande de log serveur envoyée
[2025-11-29 13:30:34.813] [DEBUG] Log serveur reçu et affiché
[2025-11-29 13:30:37.703] [INFO] Message envoyé à fghj
[2025-11-29 13:30:37.704] [ERROR] Erreur serveur: User 'fghj' does not exist or is offline
[2025-11-29 13:31:02.935] [DEBUG] PING reçu, PONG envoyé
[2025-11-29 13:31:14.604] [WARNING] Message #0 introuvable
[2025-11-29 13:31:14.604] [WARNING] Tentative de lecture d'un message inexistant: #0
[2025-11-29 13:31:39.577] [DEBUG] PING reçu, PONG envoyé
[2025-11-29 13:32:16.221] [DEBUG] PING reçu, PONG envoyé
[2025-11-29 13:32:29.204] [INFO] Client créé pour 127.0.0.1:8080
[2025-11-29 13:32:34.139] [ERROR] Échec de la connexion: no response
[2025-11-29 13:32:37.790] [INFO] Client créé pour 127.0.0.1:8080
[2025-11-29 13:33:44.162] [DEBUG] MessageHandler créé pour socket 4
[2025-11-29 13:33:44.162] [CONNECT] Connecté en tant que hh
[2025-11-29 13:33:44.162] [INFO] Démarrage du thread d'écoute des messages
[2025-11-29 13:33:51.936] [DEBUG] Message envoyé à yy
[2025-11-29 13:33:51.937] [DEBUG] Erreur serveur: User 'yy' does not exist or is offline
[2025-11-29 13:34:20.271] [DEBUG] PING reçu, PONG envoyé
[2025-11-29 13:34:58.681] [DEBUG] PING reçu, PONG envoyé
[2025-11-29 13:35:16.683] [INFO] Connexion fermée
[2025-11-29 13:35:31.994] [INFO] Client créé pour 127.0.0.1:8080
[2025-11-29 13:35:33.350] [DEBUG] MessageHandler créé pour socket 4
[2025-11-29 13:35:33.350] [CONNECT] Connecté en tant que bob
[2025-11-29 13:35:33.351] [INFO] Démarrage du thread d'écoute des messages
[2025-11-29 13:35:35.598] [DEBUG] Envoi de la commande DISCONNECT
[2025-11-29 13:35:35.598] [INFO] Connexion fermée
[2025-11-29 13:35:35.598] [DISCONNECT] Déconnecté
[2025-11-29 13:44:44.198] [INFO] Client créé pour 127.0.0.1:8080
[2025-11-29 13:44:45.189] [DEBUG] MessageHandler créé pour socket 4
[2025-11-29 13:44:45.189] [CONNECT] Connecté en tant que bob
[2025-11-29 13:44:45.189] [INFO] Démarrage du thread d'écoute des messages
[2025-11-29 13:44:46.057] [DEBUG] Envoi de la commande DISCONNECT
[2025-11-29 13:44:46.057] [INFO] Connexion fermée
[2025-11-29 13:44:46.058] [DISCONNECT] Déconnecté
[2025-11-29 13:45:41.530] [INFO] Client créé pour 127.0.0.1:8080
[2025-11-29 13:45:44.571] [DEBUG] MessageHandler créé pour socket 4
[2025-11-29 13:45:44.571] [CONNECT] Connecté en tant que bob
[2025-11-29 13:45:44.571] [INFO] Démarrage du thread d'écoute des messages
[2025-11-29 13:45:45.775] [DEBUG] Envoi de la commande DISCONNECT
[2025-11-29 13:45:45.775] [INFO] Connexion fermée
[2025-11-29 13:45:45.776] [DISCONNECT] Déconnecté
[2025-11-29 13:45:47.878] [INFO] Client créé pour 127.0.0.1:8080
[2025-11-29 13:45:49.261] [DEBUG] MessageHandler créé pour socket 4
[2025-11-29 13:45:49.261] [CONNECT] Connecté en tant que mama
[2025-11-29 13:45:49.261] [INFO] Démarrage du thread d'écoute des messages
[2025-11-29 13:45:50.996] [DEBUG] Demande de liste d'utilisateurs envoyée
[2025-11-29 13:45:50.996] [DEBUG] Liste affichée: 1 utilisateur(s)
[2025-11-29 13:45:50.996] [DEBUG] Liste USERS reçue
[2025-11-29 13:45:53.307] [DEBUG] Demande de log serveur envoyée
[2025-11-29 13:47:44.077] [INFO] Client créé pour 127.0.0.1:8080
[2025-11-29 13:47:45.570] [DEBUG] MessageHandler créé pour socket 4
[2025-11-29 13:47:45.571] [CONNECT] Connecté en tant que bob
[2025-11-29 13:47:45.571] [INFO] Démarrage du thread d'écoute des messages
[2025-11-29 13:47:46.545] [DEBUG] Demande de liste d'utilisateurs envoyée
[2025-11-29 13:47:46.545] [DEBUG] Liste affichée: 1 utilisateur(s)
[2025-11-29 13:47:46.545] [DEBUG] Liste USERS reçue
[2025-11-29 13:47:51.482] [DEBUG] Message envoyé à all
[2025-11-29 13:47:51.483] [DEBUG] Réponse OK: Broadcast envoyé
[2025-11-29 13:47:55.272] [DEBUG] Demande de liste d'utilisateurs envoyée
[2025-11-29 13:47:55.272] [DEBUG] Liste affichée: 1 utilisateur(s)
[2025-11-29 13:47:55.272] [DEBUG] Liste USERS reçue
[2025-11-29 13:48:02.763] [DEBUG] PING reçu, PONG envoyé
[2025-11-29 13:48:07.060] [INFO] Client créé pour 127.0.0.1:8080
[2025-11-29 13:48:08.574] [DEBUG] MessageHandler créé pour socket 4
[2025-11-29 13:48:08.574] [CONNECT] Connecté en tant que alice
[2025-11-29 13:48:08.574] [INFO] Démarrage du thread d'écoute des messages
[2025-11-29 13:48:09.911] [DEBUG] Demande de liste d'utilisateurs envoyée
[2025-11-29 13:48:09.911] [DEBUG] Liste affichée: 2 utilisateur(s)
[2025-11-29 13:48:09.911] [DEBUG] Liste USERS reçue
[2025-11-29 13:48:12.511] [DEBUG] Demande de liste d'utilisateurs envoyée
[2025-11-29 13:48:12.512] [DEBUG] Liste affichée: 2 utilisateur(s)
[2025-11-29 13:48:12.512] [DEBUG] Liste USERS reçue
[2025-11-29 13:48:39.550] [DEBUG] PING reçu, PONG envoyé
[2025-11-29 13:48:39.551] [DEBUG] PING reçu, PONG envoyé
[2025-11-29 13:49:16.337] [DEBUG] PING reçu, PONG envoyé
[2025-11-29 13:49:16.338] [DEBUG] PING reçu, PONG envoyé
[2025-11-29 13:51:42.414] [INFO] Client créé pour 127.0.0.1:8080
[2025-11-29 13:51:47.736] [INFO] Client créé pour 127.0.0.1:8080
[2025-11-29 13:51:49.056] [DEBUG] MessageHandler créé pour socket 4
[2025-11-29 13:51:49.056] [CONNECT] Connecté en tant que bob
[2025-11-29 13:51:49.056] [INFO] Démarrage du thread d'écoute des messages
[2025-11-29 13:52:20.272] [DEBUG] PING reçu, PONG envoyé
[2025-11-29 13:52:57.050] [DEBUG] PING reçu, PONG envoyé
[2025-11-29 13:53:33.839] [DEBUG] PING reçu, PONG envoyé
[2025-11-29 13:54:10.619] [DEBUG] PING reçu, PONG envoyé
[2025-11-29 13:54:14.673] [INFO] Connexion fermée
[2025-11-29 13:55:01.942] [INFO] Client créé pour 127.0.0.1:8080
[2025-11-29 13:55:02.958] [DEBUG] MessageHandler créé pour socket 4
[2025-11-29 13:55:02.958] [CONNECT] Connecté en tant que bob
[2025-11-29 13:55:02.958] [INFO] Démarrage du thread d'écoute des messages
[2025-11-29 13:55:05.785] [DEBUG] Envoi de la commande DISCONNECT
[2025-11-29 13:55:05.785] [INFO] Connexion fermée
[2025-11-29 13:55:05.785] [DISCONNECT] Déconnecté
[2025-11-29 13:55:06.937] [INFO] Client créé pour 127.0.0.1:8080
[2025-11-29 13:55:08.100] [DEBUG] MessageHandler créé pour socket 4
[2025-11-29 13:55:08.100] [CONNECT] Connecté en tant que hhhh
[2025-11-29 13:55:08.100] [INFO] Démarrage du thread d'écoute des messages
[2025-11-29 13:55:16.970] [DEBUG] Demande de log serveur envoyée
[2025-11-29 13:57:56.145] [INFO] Client créé pour 127.0.0.1:8080
[2025-11-29 13:58:09.953] [ERROR] Échec de la connexion: ERROR;Invalid username

[2025-11-29 13:58:23.681] [INFO] Client créé pour 127.0.0.1:8080
[2025-11-29 13:58:25.776] [DEBUG] MessageHandler créé pour socket 4
[2025-11-29 13:58:25.776] [CONNECT] Connecté en tant que bob
[2025-11-29 13:58:25.776] [INFO] Démarrage du thread d'écoute des messages
[2025-11-29 13:58:26.376] [DEBUG] PING reçu, PONG envoyé
[2025-11-29 13:59:03.248] [DEBUG] PING reçu, PONG envoyé
[2025-11-29 13:59:40.094] [DEBUG] PING reçu, PONG envoyé
[2025-11-29 13:59:45.765] [INFO] Client créé pour 127.0.0.1:8080
[2025-11-29 13:59:47.114] [DEBUG] MessageHandler créé pour socket 4
[2025-11-29 13:59:47.114] [CONNECT] Connecté en tant que bob
[2025-11-29 13:59:47.114] [INFO] Démarrage du thread d'écoute des messages
[2025-11-29 13:59:51.981] [DEBUG] Envoi de la commande DISCONNECT
[2025-11-29 13:59:51.982] [INFO] Connexion fermée
[2025-11-29 13:59:51.982] [DISCONNECT] Déconnecté
[2025-11-29 13:59:55.510] [INFO] Client créé pour 127.0.0.1:8080
[2025-11-29 14:00:01.186] [ERROR] Échec de la connexion: ERROR;Invalid username

[2025-11-29 14:00:03.313] [INFO] Client créé pour 127.0.0.1:8080
[2025-11-29 14:00:05.988] [INFO] Client créé pour 127.0.0.1:8080
[2025-11-29 14:00:07.129] [DEBUG] MessageHandler créé pour socket 4
[2025-11-29 14:00:07.129] [CONNECT] Connecté en tant que bob
[2025-11-29 14:00:07.129] [INFO] Démarrage du thread d'écoute des messages
[2025-11-29 14:00:08.803] [DEBUG] Demande de log serveur envoyée
[2025-11-29 14:00:10.471] [DEBUG] Log serveur reçu et affiché
[2025-11-29 14:00:16.877] [DEBUG] PING reçu, PONG envoyé
[2025-11-29 14:00:18.821] [DEBUG] Message envoyé à all
[2025-11-29 14:00:18.821] [DEBUG] Réponse OK: Broadcast envoyé
[2025-11-29 14:00:23.406] [DEBUG] Envoi de la commande DISCONNECT
[2025-11-29 14:00:23.407] [INFO] Connexion fermée
[2025-11-29 14:00:23.407] [DISCONNECT] Déconnecté
[2025-11-29 14:00:33.493] [INFO] Client créé pour 127.0.0.1:8080
[2025-11-29 14:00:35.202] [DEBUG] MessageHandler créé pour socket 4
[2025-11-29 14:00:35.202] [CONNECT] Connecté en tant que bob
[2025-11-29 14:00:35.202] [INFO] Démarrage du thread d'écoute des messages
[2025-11-29 14:00:39.173] [INFO] Client créé pour 127.0.0.1:8080
[2025-11-29 14:00:41.430] [ERROR] Échec de la connexion: ERROR;Invalid username

[2025-11-29 14:00:43.857] [INFO] Client créé pour 127.0.0.1:8080
[2025-11-29 14:00:45.712] [DEBUG] MessageHandler créé pour socket 4
[2025-11-29 14:00:45.712] [CONNECT] Connecté en tant que ali
[2025-11-29 14:00:45.712] [INFO] Démarrage du thread d'écoute des messages
[2025-11-29 14:00:51.093] [DEBUG] Demande de liste d'utilisateurs envoyée
[2025-11-29 14:00:51.093] [DEBUG] Liste affichée: 2 utilisateur(s)
[2025-11-29 14:00:51.093] [DEBUG] Liste USERS reçue
[2025-11-29 14:00:53.699] [DEBUG] PING reçu, PONG envoyé
[2025-11-29 14:00:53.699] [DEBUG] PING reçu, PONG envoyé
[2025-11-29 14:01:30.537] [DEBUG] PING reçu, PONG envoyé
[2025-11-29 14:01:30.538] [DEBUG] PING reçu, PONG envoyé
[2025-11-29 14:01:45.744] [INFO] Connexion fermée
[2025-12-01 12:38:37.888] [INFO] Client créé pour 127.0.0.1:8080
[2025-12-01 12:38:42.711] [DEBUG] MessageHandler créé pour socket 4
[2025-12-01 12:38:42.711] [CONNECT] Connecté en tant que Antoine
[2025-12-01 12:38:42.711] [INFO] Démarrage du thread d'écoute des messages
[2025-12-01 12:38:50.626] [DEBUG] PING reçu, PONG envoyé
[2025-12-01 12:38:58.732] [INFO] Client créé pour 127.0.0.1:8080
[2025-12-01 12:39:00.584] [DEBUG] MessageHandler créé pour socket 4
[2025-12-01 12:39:00.584] [CONNECT] Connecté en tant que Jola
[2025-12-01 12:39:00.584] [INFO] Démarrage du thread d'écoute des messages
[2025-12-01 12:39:25.626] [DEBUG] PING reçu, PONG envoyé
[2025-12-01 12:39:25.627] [DEBUG] PING reçu, PONG envoyé
[2025-12-01 12:40:00.627] [DEBUG] PING reçu, PONG envoyé
[2025-12-01 12:40:00.627] [DEBUG] PING reçu, PONG envoyé
[2025-12-01 12:40:09.766] [DEBUG] Message envoyé à Jola
[2025-12-01 12:40:09.767] [DEBUG] Réponse OK: Message envoyé
[2025-12-01 12:40:09.777] [INFO] Message reçu de Antoine (index: 0)
[2025-12-01 12:40:26.358] [INFO] Message #0 marqué comme lu
[2025-12-01 12:40:35.614] [INFO] Réponse au message #0 vers Antoine
[2025-12-01 12:40:35.614] [DEBUG] Réponse OK: Message envoyé
[2025-12-01 12:40:35.624] [INFO] Message reçu de Jola (index: 0)
[2025-12-01 12:40:35.628] [DEBUG] PING reçu, PONG envoyé
[2025-12-01 12:40:35.628] [DEBUG] PING reçu, PONG envoyé
[2025-12-01 12:40:43.118] [DEBUG] Demande de liste d'utilisateurs envoyée
[2025-12-01 12:40:43.118] [DEBUG] Liste affichée: 2 utilisateur(s)
[2025-12-01 12:40:43.118] [DEBUG] Liste USERS reçue
[2025-12-01 12:40:48.070] [DEBUG] Demande de log serveur envoyée
[2025-12-01 12:41:10.628] [DEBUG] PING reçu, PONG envoyé
[2025-12-01 12:41:45.628] [DEBUG] PING reçu, PONG envoyé
[2025-12-01 12:42:20.629] [DEBUG] PING reçu, PONG envoyé
[2025-12-01 12:42:55.629] [DEBUG] PING reçu, PONG envoyé
[2025-12-01 12:43:30.629] [DEBUG] PING reçu, PONG envoyé
[2025-12-01 12:44:05.630] [DEBUG] PING reçu, PONG envoyé
[2025-12-01 12:44:08.109] [DEBUG] Erreur serveur: Vous avez été déconnecté par l'admin
[2025-12-01 12:44:23.853] [DEBUG] Message envoyé à Jola
[2025-12-01 12:44:23.853] [INFO] Connexion fermée
[2025-12-01 12:44:34.309] [ERROR] Échec de l'envoi de la demande LIST_USERS
[2025-12-01 13:10:42.847] [DEBUG] Envoi de la commande DISCONNECT
[2025-12-01 13:10:42.849] [DISCONNECT] Déconnecté
[2025-12-01 13:10:57.949] [INFO] Client créé pour 127.0.0.1:8080
[2025-12-01 13:11:00.313] [DEBUG] MessageHandler créé pour socket 4
[2025-12-01 13:11:00.313] [CONNECT] Connecté en tant que Djebril
[2025-12-01 13:11:00.313] [INFO] Démarrage du thread d'écoute des messages
[2025-12-01 13:11:17.571] [INFO] Message reçu de Antoine (index: 0)
[2025-12-01 13:11:29.671] [INFO] Message #0 marqué comme lu
[2025-12-01 13:11:30.639] [DEBUG] PING reçu, PONG envoyé
[2025-12-01 13:11:37.615] [INFO] Réponse au message #0 vers Antoine
[2025-12-01 13:11:37.615] [DEBUG] Réponse OK: Message envoyé
[2025-12-01 13:12:01.186] [INFO] Message reçu de Antoine (index: 1)
[2025-12-01 13:12:05.639] [DEBUG] PING reçu, PONG envoyé
[2025-12-01 13:12:10.959] [WARNING] Message #0 introuvable
[2025-12-01 13:12:14.935] [INFO] Message #1 marqué comme lu
[2025-12-01 13:12:38.194] [INFO] Message reçu de Antoine (index: 2)
[2025-12-01 13:12:40.640] [DEBUG] PING reçu, PONG envoyé
[2025-12-01 13:12:44.936] [WARNING] Message #0 introuvable
[2025-12-01 13:12:48.495] [INFO] Message #2 marqué comme lu
[2025-12-01 13:13:15.640] [DEBUG] PING reçu, PONG envoyé
[2025-12-01 13:13:50.641] [DEBUG] PING reçu, PONG envoyé
[2025-12-01 13:14:25.641] [DEBUG] PING reçu, PONG envoyé
[2025-12-01 13:14:26.391] [DEBUG] Message envoyé à Antoine
[2025-12-01 13:14:26.391] [DEBUG] Réponse OK: Message envoyé
[2025-12-01 13:15:00.642] [DEBUG] PING reçu, PONG envoyé
[2025-12-01 13:15:35.642] [DEBUG] PING reçu, PONG envoyé
[2025-12-01 13:15:43.340] [INFO] Client créé pour 127.0.0.1:8080
[2025-12-01 13:15:46.664] [DEBUG] MessageHandler créé pour socket 4
[2025-12-01 13:15:46.664] [CONNECT] Connecté en tant que Baptiste
[2025-12-01 13:15:46.664] [INFO] Démarrage du thread d'écoute des messages
[2025-12-01 13:15:52.802] [INFO] Message reçu de Antoine (index: 0)
[2025-12-01 13:15:52.812] [INFO] Message reçu de Antoine (index: 3)
[2025-12-01 13:16:10.643] [DEBUG] PING reçu, PONG envoyé
[2025-12-01 13:16:10.643] [DEBUG] PING reçu, PONG envoyé
[2025-12-02 09:39:20.957] [INFO] Client créé pour 127.0.0.1:8080
[2025-12-02 09:39:25.892] [DEBUG] MessageHandler créé pour socket 4
[2025-12-02 09:39:25.892] [CONNECT] Connecté en tant que Thieck
[2025-12-02 09:39:25.892] [INFO] Démarrage du thread d'écoute des messages
[2025-12-02 09:39:37.623] [DEBUG] PING reçu, PONG envoyé
[2025-12-02 09:39:40.736] [INFO] Client créé pour 127.0.0.1:8080
[2025-12-02 09:39:42.972] [DEBUG] MessageHandler créé pour socket 4
[2025-12-02 09:39:42.972] [CONNECT] Connecté en tant que Djebril
[2025-12-02 09:39:42.972] [INFO] Démarrage du thread d'écoute des messages
[2025-12-02 09:40:12.623] [DEBUG] PING reçu, PONG envoyé
[2025-12-02 09:40:12.624] [DEBUG] PING reçu, PONG envoyé
[2025-12-02 09:40:25.523] [ERROR] Corps du message invalide
[2025-12-02 09:40:25.523] [ERROR] Échec de l'envoi du message à Thieck
[2025-12-02 09:40:31.931] [DEBUG] Message envoyé à Thieck
[2025-12-02 09:40:31.931] [DEBUG] Réponse OK: Message envoyé
[2025-12-02 09:40:31.941] [INFO] Message reçu de Djebril (index: 0)
[2025-12-02 09:40:44.667] [INFO] Message #0 marqué comme lu
[2025-12-02 09:40:47.624] [DEBUG] PING reçu, PONG envoyé
[2025-12-02 09:40:47.624] [DEBUG] PING reçu, PONG envoyé
[2025-12-02 09:40:55.090] [INFO] Réponse au message #0 vers Djebril
[2025-12-02 09:40:55.091] [DEBUG] Réponse OK: Message envoyé
[2025-12-02 09:40:55.101] [INFO] Message reçu de Thieck (index: 0)
[2025-12-02 09:40:58.386] [INFO] Message #0 marqué comme lu
[2025-12-02 09:41:02.250] [DEBUG] Demande de liste d'utilisateurs envoyée
[2025-12-02 09:41:02.250] [DEBUG] Liste affichée: 2 utilisateur(s)
[2025-12-02 09:41:02.251] [DEBUG] Liste USERS reçue
[2025-12-02 09:41:22.624] [DEBUG] PING reçu, PONG envoyé
[2025-12-02 09:41:22.625] [DEBUG] PING reçu, PONG envoyé
[2025-12-02 09:41:57.625] [DEBUG] PING reçu, PONG envoyé
[2025-12-02 09:41:57.625] [DEBUG] PING reçu, PONG envoyé
[2025-12-02 09:42:32.625] [DEBUG] PING reçu, PONG envoyé
[2025-12-02 09:42:32.625] [DEBUG] PING reçu, PONG envoyé
[2025-12-02 09:43:07.626] [DEBUG] PING reçu, PONG envoyé
[2025-12-02 09:43:07.626] [DEBUG] PING reçu, PONG envoyé
[2025-12-02 09:43:42.626] [DEBUG] PING reçu, PONG envoyé
[2025-12-02 09:43:42.626] [DEBUG] PING reçu, PONG envoyé
[2025-12-02 09:44:17.627] [DEBUG] PING reçu, PONG envoyé
[2025-12-02 09:44:17.627] [DEBUG] PING reçu, PONG envoyé
[2025-12-02 09:44:52.627] [DEBUG] PING reçu, PONG envoyé
[2025-12-02 09:44:52.627] [DEBUG] PING reçu, PONG envoyé
[2025-12-02 09:45:27.627] [DEBUG] PING reçu, PONG envoyé
[2025-12-02 09:45:27.627] [DEBUG] PING reçu, PONG envoyé
[2025-12-02 09:46:02.628] [DEBUG] PING reçu, PONG envoyé
[2025-12-02 09:46:02.628] [DEBUG] PING reçu, PONG envoyé
[2025-12-02 09:46:37.628] [DEBUG] PING reçu, PONG envoyé
[2025-12-02 09:46:37.628] [DEBUG] PING reçu, PONG envoyé
[2025-12-02 09:47:12.628] [DEBUG] PING reçu, PONG envoyé
[2025-12-02 09:47:12.629] [DEBUG] PING reçu, PONG envoyé
[2025-12-02 09:47:47.629] [DEBUG] PING reçu, PONG envoyé
[2025-12-02 09:47:47.629] [DEBUG] PING reçu, PONG envoyé
[2025-12-02 09:48:22.630] [DEBUG] PING reçu, PONG envoyé
[2025-12-02 09:48:22.631] [DEBUG] PING reçu, PONG envoyé
[2025-12-02 09:48:57.631] [DEBUG] PING reçu, PONG envoyé
[2025-12-02 09:48:57.631] [DEBUG] PING reçu, PONG envoyé
[2025-12-02 09:49:32.631] [DEBUG] PING reçu, PONG envoyé
[2025-12-02 09:49:32.632] [DEBUG] PING reçu, PONG envoyé
[2025-12-02 09:50:07.632] [DEBUG] PING reçu, PONG envoyé
[2025-12-02 09:50:07.632] [DEBUG] PING reçu, PONG envoyé
[2025-12-02 09:50:42.632] [DEBUG] PING reçu, PONG envoyé
[2025-12-02 09:50:42.632] [DEBUG] PING reçu, PONG envoyé
[2025-12-02 09:51:17.633] [DEBUG] PING reçu, PONG envoyé
[2025-12-02 09:51:17.633] [DEBUG] PING reçu, PONG envoyé
[2025-12-02 09:51:52.633] [DEBUG] PING reçu, PONG envoyé
[2025-12-02 09:51:52.633] [DEBUG] PING reçu, PONG envoyé
[2025-12-02 09:52:27.633] [DEBUG] PING reçu, PONG envoyé
[2025-12-02 09:52:27.633] [DEBUG] PING reçu, PONG envoyé
[2025-12-02 09:53:02.634] [DEBUG] PING reçu, PONG envoyé
[2025-12-02 09:53:02.634] [DEBUG] PING reçu, PONG envoyé
[2025-12-02 09:53:37.634] [DEBUG] PING reçu, PONG envoyé
[2025-12-02 09:53:37.634] [DEBUG] PING reçu, PONG envoyé
[2025-12-02 09:54:12.634] [DEBUG] PING reçu, PONG envoyé
[2025-12-02 09:54:12.635] [DEBUG] PING reçu, PONG envoyé
[2025-12-02 09:54:47.635] [DEBUG] PING reçu, PONG envoyé
[2025-12-02 09:54:47.635] [DEBUG] PING reçu, PONG envoyé
[2025-12-02 09:55:22.635] [DEBUG] PING reçu, PONG envoyé
[2025-12-02 09:55:22.635] [DEBUG] PING reçu, PONG envoyé
[2025-12-02 09:55:57.635] [DEBUG] PING reçu, PONG envoyé
[2025-12-02 11:38:35.876] [INFO] Client créé pour 127.0.0.1:8080
[2025-12-02 11:39:48.920] [INFO] Client créé pour 127.0.0.1:8080
[2025-12-02 11:39:54.317] [DEBUG] MessageHandler créé pour socket 4
[2025-12-02 11:39:54.317] [CONNECT] Connecté en tant que Bob
[2025-12-02 11:39:54.317] [INFO] Démarrage du thread d'écoute des messages
[2025-12-02 11:39:59.401] [DEBUG] Erreur serveur: Vous avez été banni par l'admin
[2025-12-02 11:40:34.033] [INFO] Client créé pour 127.0.0.1:8080
[2025-12-02 11:40:35.263] [ERROR] Échec de la connexion: ERROR;You are banned from this server

[2025-12-02 11:42:20.347] [INFO] Client créé pour 127.0.0.1:8080
[2025-12-02 11:42:21.679] [DEBUG] MessageHandler créé pour socket 4
[2025-12-02 11:42:21.679] [CONNECT] Connecté en tant que BOb
[2025-12-02 11:42:21.679] [INFO] Démarrage du thread d'écoute des messages
[2025-12-02 11:42:30.543] [DEBUG] Erreur du serveur reçue
[2025-12-02 11:42:37.352] [INFO] Client créé pour 127.0.0.1:8080
[2025-12-02 12:23:03.213] [INFO] Client créé pour 127.0.0.1:8080
[2025-12-02 12:23:15.299] [INFO] Client créé pour 127.0.0.1:8080
[2025-12-02 12:23:16.839] [DEBUG] MessageHandler créé pour socket 4
[2025-12-02 12:23:16.839] [CONNECT] Connecté en tant que Mam
[2025-12-02 12:23:16.839] [INFO] Démarrage du thread d'écoute des messages
[2025-12-02 12:23:26.495] [DEBUG] PING reçu, PONG envoyé
[2025-12-02 12:23:27.276] [INFO] Client créé pour 127.0.0.1:8080
[2025-12-02 12:23:31.848] [DEBUG] MessageHandler créé pour socket 4
[2025-12-02 12:23:31.848] [CONNECT] Connecté en tant que Zelfani
[2025-12-02 12:23:31.848] [INFO] Démarrage du thread d'écoute des messages
[2025-12-02 12:23:39.326] [DEBUG] Message envoyé à Mam
[2025-12-02 12:23:39.326] [DEBUG] Réponse OK: Message envoyé
[2025-12-02 12:23:39.336] [INFO] Message reçu de Zelfani (index: 0)
[2025-12-02 12:24:01.495] [DEBUG] PING reçu, PONG envoyé
[2025-12-02 12:24:01.495] [DEBUG] PING reçu, PONG envoyé
[2025-12-02 12:24:36.496] [DEBUG] PING reçu, PONG envoyé
[2025-12-02 12:24:36.496] [DEBUG] PING reçu, PONG envoyé
[2025-12-02 12:25:11.496] [DEBUG] PING reçu, PONG envoyé
[2025-12-02 12:25:11.496] [DEBUG] PING reçu, PONG envoyé
[2025-12-02 12:25:46.496] [DEBUG] PING reçu, PONG envoyé
[2025-12-02 12:25:46.497] [DEBUG] PING reçu, PONG envoyé
[2025-12-02 12:26:21.497] [DEBUG] PING reçu, PONG envoyé
[2025-12-02 12:26:21.497] [DEBUG] PING reçu, PONG envoyé
[2025-12-02 12:26:56.498] [DEBUG] PING reçu, PONG envoyé
[2025-12-02 12:26:56.498] [DEBUG] PING reçu, PONG envoyé
[2025-12-02 12:27:31.498] [DEBUG] PING reçu, PONG envoyé
[2025-12-02 12:27:31.498] [DEBUG] PING reçu, PONG envoyé
[2025-12-02 12:28:06.498] [DEBUG] PING reçu, PONG envoyé
[2025-12-02 12:28:06.498] [DEBUG] PING reçu, PONG envoyé
[2025-12-02 12:28:41.499] [DEBUG] PING reçu, PONG envoyé
[2025-12-02 12:28:41.499] [DEBUG] PING reçu, PONG envoyé
[2025-12-02 12:29:16.499] [DEBUG] PING reçu, PONG envoyé
[2025-12-02 12:29:16.499] [DEBUG] PING reçu, PONG envoyé
[2025-12-02 12:29:51.499] [DEBUG] PING reçu, PONG envoyé
[2025-12-02 12:29:51.499] [DEBUG] PING reçu, PONG envoyé
[2025-12-02 12:30:23.475] [ERROR] Destinataire invalide: 
[2025-12-02 12:30:23.477] [ERROR] Échec de l'envoi du message à 
[2025-12-02 13:18:20.873] [INFO] Client créé pour 127.0.0.1:8080
[2025-12-02 13:18:22.257] [ERROR] Échec de la connexion au serveur
[2025-12-02 13:18:23.902] [INFO] Client créé pour 127.0.0.1:8080
[2025-12-02 13:18:30.826] [DEBUG] MessageHandler créé pour socket 4
[2025-12-02 13:18:30.826] [CONNECT] Connecté en tant que Baby
[2025-12-02 13:18:30.826] [INFO] Démarrage du thread d'écoute des messages
[2025-12-02 13:18:33.774] [INFO] Client créé pour 127.0.0.1:8080
[2025-12-02 13:18:35.154] [DEBUG] MessageHandler créé pour socket 4
[2025-12-02 13:18:35.154] [CONNECT] Connecté en tant que Mama
[2025-12-02 13:18:35.154] [INFO] Démarrage du thread d'écoute des messages
[2025-12-02 13:18:38.969] [INFO] Notifications mises en pause
[2025-12-02 13:18:58.593] [DEBUG] PING reçu, PONG envoyé
[2025-12-02 13:18:58.593] [DEBUG] PING reçu, PONG envoyé
[2025-12-02 13:19:17.889] [INFO] Notifications mises en pause
[2025-12-02 13:19:21.408] [DEBUG] Message envoyé à Baby
[2025-12-02 13:19:21.409] [DEBUG] Réponse OK: Message envoyé
[2025-12-02 13:19:21.419] [INFO] Message reçu de Mama (index: 0)
[2025-12-02 13:19:33.593] [DEBUG] PING reçu, PONG envoyé
[2025-12-02 13:19:33.593] [DEBUG] PING reçu, PONG envoyé
[2025-12-02 13:20:08.595] [DEBUG] PING reçu, PONG envoyé
[2025-12-02 13:20:43.595] [DEBUG] PING reçu, PONG envoyé
[2025-12-02 13:20:58.344] [INFO] Client créé pour 127.0.0.1:8080
[2025-12-02 13:20:59.722] [DEBUG] MessageHandler créé pour socket 4
[2025-12-02 13:20:59.722] [CONNECT] Connecté en tant que Mama
[2025-12-02 13:20:59.722] [INFO] Démarrage du thread d'écoute des messages
[2025-12-02 13:21:02.550] [INFO] Client créé pour 127.0.0.1:8080
[2025-12-02 13:21:04.114] [DEBUG] MessageHandler créé pour socket 4
[2025-12-02 13:21:04.114] [CONNECT] Connecté en tant que baby
[2025-12-02 13:21:04.114] [INFO] Démarrage du thread d'écoute des messages
[2025-12-02 13:21:05.864] [INFO] Notifications mises en pause
[2025-12-02 13:21:10.503] [INFO] Notifications mises en pause
[2025-12-02 13:21:11.992] [DEBUG] Message envoyé à mama
[2025-12-02 13:21:11.992] [DEBUG] Erreur du serveur reçue
[2025-12-02 13:21:17.625] [INFO] Notifications reprises
[2025-12-02 13:21:18.595] [DEBUG] PING reçu, PONG envoyé
[2025-12-02 13:21:18.595] [DEBUG] PING reçu, PONG envoyé
[2025-12-02 13:21:18.856] [INFO] Notifications mises en pause
[2025-12-02 13:21:21.258] [DEBUG] Message envoyé à Mama
[2025-12-02 13:21:21.258] [DEBUG] Réponse OK: Message envoyé
[2025-12-02 13:21:21.268] [INFO] Message reçu de baby (index: 0)
[2025-12-02 13:21:53.596] [DEBUG] PING reçu, PONG envoyé
[2025-12-02 13:21:53.596] [DEBUG] PING reçu, PONG envoyé
[2025-12-02 13:22:28.596] [DEBUG] PING reçu, PONG envoyé
[2025-12-02 13:22:28.597] [DEBUG] PING reçu, PONG envoyé
[2025-12-02 13:23:03.597] [DEBUG] PING reçu, PONG envoyé
[2025-12-02 13:23:03.597] [DEBUG] PING reçu, PONG envoyé
[2025-12-02 13:23:38.597] [DEBUG] PING reçu, PONG envoyé
[2025-12-02 13:23:38.597] [DEBUG] PING reçu, PONG envoyé
[2025-12-02 13:24:13.597] [DEBUG] PING reçu, PONG envoyé
[2025-12-02 13:24:13.597] [DEBUG] PING reçu, PONG envoyé
[2025-12-02 13:24:48.598] [DEBUG] PING reçu, PONG envoyé
[2025-12-02 13:24:48.598] [DEBUG] PING reçu, PONG envoyé
[2025-12-02 13:25:23.598] [DEBUG] PING reçu, PONG envoyé
[2025-12-02 13:25:23.598] [DEBUG] PING reçu, PONG envoyé
[2025-12-02 13:25:58.598] [DEBUG] PING reçu, PONG envoyé
[2025-12-02 13:25:58.598] [DEBUG] PING reçu, PONG envoyé
[2025-12-02 13:26:33.600] [DEBUG] PING reçu, PONG envoyé
[2025-12-02 13:26:33.600] [DEBUG] PING reçu, PONG envoyé
[2025-12-02 13:27:08.602] [DEBUG] PING reçu, PONG envoyé
[2025-12-02 13:27:08.602] [DEBUG] PING reçu, PONG envoyé
[2025-12-02 13:27:43.603] [DEBUG] PING reçu, PONG envoyé
[2025-12-02 13:27:43.603] [DEBUG] PING reçu, PONG envoyé
[2025-12-02 13:28:51.341] [INFO] Client créé pour 127.0.0.1:8080
[2025-12-02 13:28:55.875] [INFO] Client créé pour 127.0.0.1:8080
[2025-12-02 13:28:59.821] [INFO] Client créé pour 127.0.0.1:8080
[2025-12-02 13:29:01.200] [DEBUG] MessageHandler créé pour socket 4
[2025-12-02 13:29:01.200] [CONNECT] Connecté en tant que Mama
[2025-12-02 13:29:01.200] [INFO] Démarrage du thread d'écoute des messages
[2025-12-02 13:29:02.846] [INFO] Notifications mises en pause
[2025-12-02 13:29:19.009] [ERROR] Corps du message invalide
[2025-12-02 13:29:19.009] [ERROR] Échec de l'envoi du message à 4
[2025-12-02 13:29:19.009] [INFO] Notifications reprises
[2025-12-02 13:29:19.009] [INFO] Notifications mises en pause
[2025-12-02 13:29:19.009] [INFO] Notifications reprises
[2025-12-02 13:29:19.009] [INFO] Notifications mises en pause
[2025-12-02 13:29:19.009] [INFO] Notifications reprises
[2025-12-02 13:29:19.009] [INFO] Notifications mises en pause
[2025-12-02 13:29:19.009] [INFO] Notifications reprises
[2025-12-02 13:29:19.009] [INFO] Notifications mises en pause
[2025-12-02 13:29:19.009] [INFO] Notifications reprises
[2025-12-02 13:29:19.009] [INFO] Notifications mises en pause
[2025-12-02 13:29:19.009] [INFO] Notifications reprises
[2025-12-02 13:29:19.009] [INFO] Notifications mises en pause
[2025-12-02 13:29:19.009] [INFO] Notifications reprises
[2025-12-02 13:29:19.009] [INFO] Notifications mises en pause
[2025-12-02 13:29:19.009] [INFO] Notifications reprises
[2025-12-02 13:29:19.009] [INFO] Notifications mises en pause
[2025-12-02 13:29:19.009] [INFO] Notifications reprises
[2025-12-02 13:29:19.009] [INFO] Notifications mises en pause
[2025-12-02 13:29:19.009] [INFO] Notifications reprises
[2025-12-02 13:29:19.009] [INFO] Notifications mises en pause
[2025-12-02 13:29:19.009] [INFO] Notifications reprises
[2025-12-02 13:29:19.009] [INFO] Notifications mises en pause
[2025-12-02 13:29:19.009] [INFO] Notifications reprises
[2025-12-02 13:29:19.009] [INFO] Notifications mises en pause
[2025-12-02 13:29:19.009] [INFO] Notifications reprises
[2025-12-02 13:29:19.009] [INFO] Notifications mises en pause
[2025-12-02 13:29:19.009] [INFO] Notifications reprises
[2025-12-02 13:29:19.009] [INFO] Notifications mises en pause
[2025-12-02 13:29:19.009] [INFO] Notifications reprises
[2025-12-02 13:29:19.009] [INFO] Notifications mises en pause
[2025-12-02 13:29:19.009] [INFO] Notifications reprises
[2025-12-02 13:29:19.009] [INFO] Notifications mises en pause
[2025-12-02 13:29:19.009] [INFO] Notifications reprises
[2025-12-02 13:29:19.009] [INFO] Notifications mises en pause
[2025-12-02 13:29:19.009] [INFO] Notifications reprises
[2025-12-02 13:29:19.009] [INFO] Notifications mises en pause
[2025-12-02 13:29:19.009] [INFO] Notifications reprises
[2025-12-02 13:29:19.009] [INFO] Notifications mises en pause
[2025-12-02 13:29:19.009] [INFO] Notifications reprises
[2025-12-02 13:29:19.009] [INFO] Notifications mises en pause
[2025-12-02 13:29:19.009] [INFO] Notifications reprises
[2025-12-02 13:29:19.009] [INFO] Notifications mises en pause
[2025-12-02 13:29:19.009] [INFO] Notifications reprises
[2025-12-02 13:29:19.009] [INFO] Notifications mises en pause
[2025-12-02 13:29:19.009] [INFO] Notifications reprises
[2025-12-02 13:29:19.009] [INFO] Notifications mises en pause
[2025-12-02 13:29:19.009] [INFO] Notifications reprises
[2025-12-02 13:29:19.009] [INFO] Notifications mises en pause
[2025-12-02 13:29:19.009] [INFO] Notifications reprises
[2025-12-02 13:29:19.009] [INFO] Notifications mises en pause
[2025-12-02 13:29:19.009] [INFO] Notifications reprises
[2025-12-02 13:29:19.009] [INFO] Notifications mises en pause
[2025-12-02 13:29:19.009] [INFO] Notifications reprises
[2025-12-02 13:29:19.009] [INFO] Notifications mises en pause
[2025-12-02 13:29:19.009] [INFO] Notifications reprises
[2025-12-02 13:29:19.009] [INFO] Notifications mises en pause
[2025-12-02 13:29:19.009] [INFO] Notifications reprises
[2025-12-02 13:29:19.009] [INFO] Notifications mises en pause
[2025-12-02 13:29:19.009] [INFO] Notifications reprises
[2025-12-02 13:29:19.009] [INFO] Notifications mises en pause
[2025-12-02 13:29:19.009] [INFO] Notifications reprises
[2025-12-02 13:29:19.009] [INFO] Notifications mises en pause
[2025-12-02 13:29:19.009] [INFO] Notifications reprises
[2025-12-02 13:29:19.010] [INFO] Notifications mises en pause
[2025-12-02 13:29:19.010] [INFO] Notifications reprises
[2025-12-02 13:29:19.010] [INFO] Notifications mises en pause
[2025-12-02 13:29:19.010] [INFO] Notifications reprises
[2025-12-02 13:29:19.010] [INFO] Notifications mises en pause
[2025-12-02 13:29:19.010] [INFO] Notifications reprises
[2025-12-02 13:29:19.010] [INFO] Notifications mises en pause
[2025-12-02 13:29:19.010] [INFO] Notifications reprises
[2025-12-02 13:29:19.010] [INFO] Notifications mises en pause
[2025-12-02 13:29:19.010] [INFO] Notifications reprises
[2025-12-02 13:29:19.010] [INFO] Notifications mises en pause
[2025-12-02 13:29:19.010] [INFO] Notifications reprises
[2025-12-02 13:29:19.010] [INFO] Notifications mises en pause
[2025-12-02 13:29:19.010] [INFO] Notifications reprises
[2025-12-02 13:29:19.010] [INFO] Notifications mises en pause
[2025-12-02 13:29:19.010] [INFO] Notifications reprises
[2025-12-02 13:29:19.010] [INFO] Notifications mises en pause
[2025-12-02 13:29:19.010] [INFO] Notifications reprises
[2025-12-02 13:29:19.010] [INFO] Notifications mises en pause
[2025-12-02 13:29:19.010] [INFO] Notifications reprises
[2025-12-02 13:29:19.010] [INFO] Notifications mises en pause
[2025-12-02 13:29:19.010] [INFO] Notifications reprises
[2025-12-02 13:29:19.010] [INFO] Notifications mises en pause
[2025-12-02 13:29:19.010] [INFO] Notifications reprises
[2025-12-02 13:29:19.010] [INFO] Notifications mises en pause
[2025-12-02 13:29:19.010] [INFO] Notifications reprises
[2025-12-02 13:29:19.010] [INFO] Notifications mises en pause
[2025-12-02 13:29:19.010] [INFO] Notifications reprises
[2025-12-02 13:29:19.010] [INFO] Notifications mises en pause
[2025-12-02 13:29:19.010] [INFO] Notifications reprises
[2025-12-02 13:29:19.010] [INFO] Notifications mises en pause
[2025-12-02 13:29:19.010] [INFO] Notifications reprises
[2025-12-02 13:29:19.010] [INFO] Notifications mises en pause
[2025-12-02 13:29:19.010] [INFO] Notifications reprises
[2025-12-02 13:29:19.010] [INFO] Notifications mises en pause
[2025-12-02 13:29:19.010] [INFO] Notifications reprises
[2025-12-02 13:29:19.010] [INFO] Notifications mises en pause
[2025-12-02 13:29:19.010] [INFO] Notifications reprises
[2025-12-02 13:29:19.010] [INFO] Notifications mises en pause
[2025-12-02 13:29:19.010] [INFO] Notifications reprises
[2025-12-02 13:29:19.010] [INFO] Notifications mises en pause
[2025-12-02 13:29:19.010] [INFO] Notifications reprises
[2025-12-02 13:29:19.010] [INFO] Notifications mises en pause
[2025-12-02 13:29:19.010] [INFO] Notifications reprises
[2025-12-02 13:29:19.010] [INFO] Notifications mises en pause
[2025-12-02 13:29:19.010] [INFO] Notifications reprises
[2025-12-02 13:29:19.010] [INFO] Notifications mises en pause
[2025-12-02 13:29:19.010] [INFO] Notifications reprises
[2025-12-02 13:29:19.010] [INFO] Notifications mises en pause
[2025-12-02 13:29:19.010] [INFO] Notifications reprises
[2025-12-02 13:29:19.010] [INFO] Notifications mises en pause
[2025-12-02 13:29:19.010] [INFO] Notifications reprises
[2025-12-02 13:29:19.010] [INFO] Notifications mises en pause
[2025-12-02 13:29:19.010] [INFO] Notifications reprises
[2025-12-02 13:29:19.010] [INFO] Notifications mises en pause
[2025-12-02 13:29:19.010] [INFO] Notifications reprises
[2025-12-02 13:29:19.010] [INFO] Notifications mises en pause
[2025-12-02 13:29:19.010] [INFO] Notifications reprises
[2025-12-02 13:29:19.010] [INFO] Notifications mises en pause
[2025-12-02 13:29:19.010] [INFO] Notifications reprises
[2025-12-02 13:29:19.010] [INFO] Notifications mises en pause
[2025-12-02 13:29:19.010] [INFO] Notifications reprises
[2025-12-02 13:29:19.010] [INFO] Notifications mises en pause
[2025-12-02 13:29:19.010] [INFO] Notifications reprises
[2025-12-02 13:29:19.010] [INFO] Notifications mises en pause
[2025-12-02 13:29:19.010] [INFO] Notifications reprises
[2025-12-02 13:29:19.010] [INFO] Notifications mises en pause
[2025-12-02 13:29:19.010] [INFO] Notifications reprises
[2025-12-02 13:29:19.010] [INFO] Notifications mises en pause
[2025-12-02 13:29:19.010] [INFO] Notifications reprises
[2025-12-02 13:29:19.010] [INFO] Notifications mises en pause
[2025-12-02 13:29:19.010] [INFO] Notifications reprises
[2025-12-02 13:29:19.010] [INFO] Notifications mises en pause
[2025-12-02 13:29:19.010] [INFO] Notifications reprises
[2025-12-02 13:29:19.010] [INFO] Notifications mises en pause
[2025-12-02 13:29:19.010] [INFO] Notifications reprises
[2025-12-02 13:29:19.010] [INFO] Notifications mises en pause
[2025-12-02 13:29:19.010] [INFO] Notifications reprises
[2025-12-02 13:29:19.010] [INFO] Notifications mises en pause
[2025-12-02 13:29:19.010] [INFO] Notifications reprises
[2025-12-02 13:29:19.010] [INFO] Notifications mises en pause
[2025-12-02 13:29:19.010] [INFO] Notifications reprises
[2025-12-02 13:29:19.010] [INFO] Notifications mises en pause
[2025-12-02 13:29:19.010] [INFO] Notifications reprises
[2025-12-02 13:29:19.010] [INFO] Notifications mises en pause
[2025-12-02 13:29:19.010] [INFO] Notifications reprises
[2025-12-02 13:29:19.010] [INFO] Notifications mises en pause
[2025-12-02 13:29:19.010] [INFO] Notifications reprises
[2025-12-02 13:29:19.010] [INFO] Notifications mises en pause
[2025-12-02 13:29:19.010] [INFO] Notifications reprises
[2025-12-02 13:29:19.010] [INFO] Notifications mises en pause
[2025-12-02 13:29:19.010] [INFO] Notifications reprises
[2025-12-02 13:29:19.010] [INFO] Notifications mises en pause
[2025-12-02 13:29:19.010] [INFO] Notifications reprises
[2025-12-02 13:29:19.010] [INFO] Notifications mises en pause
[2025-12-02 13:29:19.010] [INFO] Notifications reprises
[2025-12-02 13:29:19.010] [INFO] Notifications mises en pause
[2025-12-02 13:29:19.010] [INFO] Notifications reprises
[2025-12-02 13:29:19.010] [INFO] Notifications mises en pause
[2025-12-02 13:29:19.010] [INFO] Notifications reprises
[2025-12-02 13:29:19.010] [INFO] Notifications mises en pause
[2025-12-02 13:29:19.010] [INFO] Notifications reprises
[2025-12-02 13:29:19.010] [INFO] Notifications mises en pause
[2025-12-02 13:29:19.010] [INFO] Notifications reprises
[2025-12-02 13:29:19.010] [INFO] Notifications mises en pause
[2025-12-02 13:29:19.010] [INFO] Notifications reprises
[2025-12-02 13:29:19.010] [INFO] Notifications mises en pause
[2025-12-02 13:29:19.010] [INFO] Notifications reprises
[2025-12-02 13:29:19.010] [INFO] Notifications mises en pause
[2025-12-02 13:29:19.010] [INFO] Notifications reprises
[2025-12-02 13:29:19.010] [INFO] Notifications mises en pause
[2025-12-02 13:29:19.010] [INFO] Notifications reprises
[2025-12-02 13:29:19.010] [INFO] Notifications mises en pause
[2025-12-02 13:29:19.010] [INFO] Notifications reprises
[2025-12-02 13:29:19.010] [INFO] Notifications mises en pause
[2025-12-02 13:29:19.010] [INFO] Notifications reprises
[2025-12-02 13:29:19.010] [INFO] Notifications mises en pause
[2025-12-02 13:29:19.010] [INFO] Notifications reprises
[2025-12-02 13:29:19.010] [INFO] Notifications mises en pause
[2025-12-02 13:29:19.010] [INFO] Notifications reprises
[2025-12-02 13:29:19.010] [INFO] Notifications mises en pause
[2025-12-02 13:29:19.010] [INFO] Notifications reprises
[2025-12-02 13:29:19.010] [INFO] Notifications mises en pause
[2025-12-02 13:29:19.010] [INFO] Notifications reprises
[2025-12-02 13:29:19.010] [INFO] Notifications mises en pause
[2025-12-02 13:29:19.010] [INFO] Notifications reprises
[2025-12-02 13:29:19.010] [INFO] Notifications mises en pause
[2025-12-02 14:03:50.414] [INFO] Client créé pour 127.0.0.1:8080
[2025-12-02 14:04:03.476] [INFO] Client créé pour 127.0.0.1:8080
[2025-12-02 14:04:05.111] [DEBUG] MessageHandler créé pour socket 4
[2025-12-02 14:04:05.112] [CONNECT] Connecté en tant que Mama
[2025-12-02 14:04:05.112] [INFO] Démarrage écoute
[2025-12-02 14:04:11.022] [ERROR] Destinataire invalide: 
[2025-12-02 14:04:13.864] [DEBUG] PING reçu, PONG envoyé
[2025-12-02 14:04:48.864] [DEBUG] PING reçu, PONG envoyé
[2025-12-02 14:05:23.865] [DEBUG] PING reçu, PONG envoyé
[2025-12-02 14:05:58.865] [DEBUG] PING reçu, PONG envoyé
[2025-12-02 14:06:33.865] [DEBUG] PING reçu, PONG envoyé
[2025-12-02 14:07:02.887] [INFO] Connexion fermée
[2025-12-02 14:11:22.142] [INFO] Client créé pour 127.0.0.1:8080
[2025-12-02 14:11:23.763] [INFO] Client créé pour 127.0.0.1:8080
[2025-12-02 14:11:25.237] [ERROR] Échec connexion
[2025-12-02 14:11:30.362] [INFO] Client créé pour 127.0.0.1:8080
[2025-12-02 14:11:31.454] [DEBUG] MessageHandler créé pour socket 4
[2025-12-02 14:11:31.454] [CONNECT] Connecté en tant que Mama
[2025-12-02 14:11:31.455] [INFO] Démarrage écoute
[2025-12-02 14:11:33.742] [DEBUG] MessageHandler créé pour socket 4
[2025-12-02 14:11:33.742] [CONNECT] Connecté en tant que Momo
[2025-12-02 14:11:33.742] [INFO] Démarrage écoute
[2025-12-02 14:11:43.511] [INFO] Message reçu de Mama (index: 0)
[2025-12-02 14:11:57.076] [DEBUG] PING reçu, PONG envoyé
[2025-12-02 14:11:57.076] [DEBUG] PING reçu, PONG envoyé
[2025-12-02 14:12:32.076] [DEBUG] PING reçu, PONG envoyé
[2025-12-02 14:12:32.077] [DEBUG] PING reçu, PONG envoyé
[2025-12-02 14:13:07.077] [DEBUG] PING reçu, PONG envoyé
[2025-12-02 14:13:07.077] [DEBUG] PING reçu, PONG envoyé
[2025-12-02 14:13:42.077] [DEBUG] PING reçu, PONG envoyé
[2025-12-02 14:13:42.077] [DEBUG] PING reçu, PONG envoyé
[2025-12-02 14:14:17.078] [DEBUG] PING reçu, PONG envoyé
[2025-12-02 14:14:17.078] [DEBUG] PING reçu, PONG envoyé
[2025-12-02 14:14:52.078] [DEBUG] PING reçu, PONG envoyé
[2025-12-02 14:14:52.079] [DEBUG] PING reçu, PONG envoyé
[2025-12-02 14:15:27.080] [DEBUG] PING reçu, PONG envoyé
[2025-12-02 14:15:27.080] [DEBUG] PING reçu, PONG envoyé
[2025-12-02 14:16:02.081] [DEBUG] PING reçu, PONG envoyé
[2025-12-02 14:16:02.081] [DEBUG] PING reçu, PONG envoyé
[2025-12-02 14:16:37.081] [DEBUG] PING reçu, PONG envoyé
[2025-12-02 14:16:37.081] [DEBUG] PING reçu, PONG envoyé
[2025-12-02 14:17:12.083] [DEBUG] PING reçu, PONG envoyé
[2025-12-02 14:17:12.084] [DEBUG] PING reçu, PONG envoyé
[2025-12-02 14:17:47.085] [DEBUG] PING reçu, PONG envoyé
[2025-12-02 14:17:47.085] [DEBUG] PING reçu, PONG envoyé
[2025-12-02 14:18:22.089] [DEBUG] PING reçu, PONG envoyé
[2025-12-02 14:18:22.091] [DEBUG] PING reçu, PONG envoyé
[2025-12-02 14:18:57.088] [DEBUG] PING reçu, PONG envoyé
[2025-12-02 14:18:57.088] [DEBUG] PING reçu, PONG envoyé
[2025-12-02 14:19:32.090] [DEBUG] PING reçu, PONG envoyé
[2025-12-02 14:19:32.090] [DEBUG] PING reçu, PONG envoyé
[2025-12-02 14:19:42.364] [INFO] Connexion fermée
[2025-12-02 14:19:47.310] [INFO] Client créé pour 127.0.0.1:8080
[2025-12-02 14:19:48.981] [DEBUG] MessageHandler créé pour socket 4
[2025-12-02 14:19:48.981] [CONNECT] Connecté en tant que mama
[2025-12-02 14:19:48.981] [INFO] Démarrage écoute
[2025-12-02 14:19:53.786] [INFO] Client créé pour 127.0.0.1:8080
[2025-12-02 14:19:55.021] [DEBUG] MessageHandler créé pour socket 4
[2025-12-02 14:19:55.021] [CONNECT] Connecté en tant que momo
[2025-12-02 14:19:55.021] [INFO] Démarrage écoute
[2025-12-02 14:20:00.446] [INFO] Message reçu de mama (index: 0)
[2025-12-02 14:20:15.551] [DEBUG] PING reçu, PONG envoyé
[2025-12-02 14:20:15.556] [DEBUG] PING reçu, PONG envoyé
[2025-12-02 14:20:50.551] [DEBUG] PING reçu, PONG envoyé
[2025-12-02 14:20:50.551] [DEBUG] PING reçu, PONG envoyé
[2025-12-02 14:21:25.551] [DEBUG] PING reçu, PONG envoyé
[2025-12-02 14:21:25.552] [DEBUG] PING reçu, PONG envoyé
[2025-12-02 14:22:00.552] [DEBUG] PING reçu, PONG envoyé
[2025-12-02 14:22:00.552] [DEBUG] PING reçu, PONG envoyé
[2025-12-02 14:22:35.552] [DEBUG] PING reçu, PONG envoyé
[2025-12-02 14:22:35.553] [DEBUG] PING reçu, PONG envoyé
[2025-12-02 14:23:10.553] [DEBUG] PING reçu, PONG envoyé
[2025-12-02 14:23:10.553] [DEBUG] PING reçu, PONG envoyé
[2025-12-02 14:23:45.553] [DEBUG] PING reçu, PONG envoyé
[2025-12-02 14:23:45.553] [DEBUG] PING reçu, PONG envoyé
[2025-12-02 14:24:20.556] [DEBUG] PING reçu, PONG envoyé
[2025-12-02 14:24:20.556] [DEBUG] PING reçu, PONG envoyé
[2025-12-02 14:24:55.556] [DEBUG] PING reçu, PONG envoyé
[2025-12-02 14:24:55.556] [DEBUG] PING reçu, PONG envoyé
[2025-12-02 14:25:30.556] [DEBUG] PING reçu, PONG envoyé
[2025-12-02 14:25:30.557] [DEBUG] PING reçu, PONG envoyé
[2025-12-02 14:26:05.559] [DEBUG] PING reçu, PONG envoyé
[2025-12-02 14:26:05.559] [DEBUG] PING reçu, PONG envoyé
[2025-12-02 14:26:40.559] [DEBUG] PING reçu, PONG envoyé
[2025-12-02 14:26:40.559] [DEBUG] PING reçu, PONG envoyé
[2025-12-02 14:27:15.559] [DEBUG] PING reçu, PONG envoyé
[2025-12-02 14:27:15.560] [DEBUG] PING reçu, PONG envoyé
[2025-12-02 14:27:50.560] [DEBUG] PING reçu, PONG envoyé
[2025-12-02 14:27:50.560] [DEBUG] PING reçu, PONG envoyé
[2025-12-02 14:28:25.562] [DEBUG] PING reçu, PONG envoyé
[2025-12-02 14:28:25.562] [DEBUG] PING reçu, PONG envoyé
[2025-12-02 14:29:00.563] [DEBUG] PING reçu, PONG envoyé
[2025-12-02 14:29:00.563] [DEBUG] PING reçu, PONG envoyé
[2025-12-02 14:29:35.566] [DEBUG] PING reçu, PONG envoyé
[2025-12-02 14:29:35.566] [DEBUG] PING reçu, PONG envoyé
[2025-12-02 14:30:10.566] [DEBUG] PING reçu, PONG envoyé
[2025-12-02 14:30:10.566] [DEBUG] PING reçu, PONG envoyé
[2025-12-02 14:30:45.568] [DEBUG] PING reçu, PONG envoyé
[2025-12-02 14:30:45.568] [DEBUG] PING reçu, PONG envoyé
[2025-12-02 14:31:20.568] [DEBUG] PING reçu, PONG envoyé
[2025-12-02 14:31:20.568] [DEBUG] PING reçu, PONG envoyé
[2025-12-02 14:31:55.570] [DEBUG] PING reçu, PONG envoyé
[2025-12-02 14:31:55.570] [DEBUG] PING reçu, PONG envoyé
[2025-12-02 14:32:30.573] [DEBUG] PING reçu, PONG envoyé
[2025-12-02 14:32:30.573] [DEBUG] PING reçu, PONG envoyé
[2025-12-02 14:33:05.579] [DEBUG] PING reçu, PONG envoyé
[2025-12-02 14:33:05.579] [DEBUG] PING reçu, PONG envoyé
[2025-12-02 14:33:32.195] [INFO] Connexion fermée
[2025-12-02 14:33:32.195] [INFO] Connexion fermée
[2025-12-02 14:42:27.969] [INFO] Client créé pour 127.0.0.1:8080
[2025-12-02 14:42:29.771] [DEBUG] MessageHandler créé pour socket 4
[2025-12-02 14:42:29.771] [CONNECT] Connecté en tant que mama
[2025-12-02 14:42:31.838] [INFO] Client créé pour 127.0.0.1:8080
[2025-12-02 14:42:33.402] [DEBUG] MessageHandler créé pour socket 4
[2025-12-02 14:42:33.402] [CONNECT] Connecté en tant que momo
[2025-12-02 14:42:53.504] [DEBUG] PING reçu, PONG envoyé
[2025-12-02 14:42:53.505] [DEBUG] PING reçu, PONG envoyé
[2025-12-02 14:43:27.250] [INFO] Message reçu de momo (index: 0)
[2025-12-02 14:43:28.505] [DEBUG] PING reçu, PONG envoyé
[2025-12-02 14:43:28.505] [DEBUG] PING reçu, PONG envoyé
[2025-12-02 14:44:03.505] [DEBUG] PING reçu, PONG envoyé
[2025-12-02 14:44:03.506] [DEBUG] PING reçu, PONG envoyé
[2025-12-02 14:44:38.506] [DEBUG] PING reçu, PONG envoyé
[2025-12-02 14:44:38.506] [DEBUG] PING reçu, PONG envoyé
[2025-12-02 14:45:13.506] [DEBUG] PING reçu, PONG envoyé
[2025-12-02 14:45:13.506] [DEBUG] PING reçu, PONG envoyé
[2025-12-02 14:45:48.507] [DEBUG] PING reçu, PONG envoyé
[2025-12-02 14:45:48.507] [DEBUG] PING reçu, PONG envoyé
[2025-12-02 14:46:23.507] [DEBUG] PING reçu, PONG envoyé
[2025-12-02 14:46:23.507] [DEBUG] PING reçu, PONG envoyé
[2025-12-02 14:46:58.508] [DEBUG] PING reçu, PONG envoyé
[2025-12-02 14:46:58.508] [DEBUG] PING reçu, PONG envoyé
[2025-12-02 14:47:33.508] [DEBUG] PING reçu, PONG envoyé
[2025-12-02 14:47:33.508] [DEBUG] PING reçu, PONG envoyé
[2025-12-02 14:48:08.510] [DEBUG] PING reçu, PONG envoyé
[2025-12-02 14:48:08.510] [DEBUG] PING reçu, PONG envoyé
[2025-12-02 14:48:43.511] [DEBUG] PING reçu, PONG envoyé
[2025-12-02 14:48:43.511] [DEBUG] PING reçu, PONG envoyé
[2025-12-02 14:49:18.511] [DEBUG] PING reçu, PONG envoyé
[2025-12-02 14:49:18.511] [DEBUG] PING reçu, PONG envoyé
[2025-12-02 14:49:53.511] [DEBUG] PING reçu, PONG envoyé
[2025-12-02 14:49:53.511] [DEBUG] PING reçu, PONG envoyé
[2025-12-02 14:50:28.512] [DEBUG] PING reçu, PONG envoyé
[2025-12-02 14:50:28.512] [DEBUG] PING reçu, PONG envoyé
[2025-12-02 14:51:03.512] [DEBUG] PING reçu, PONG envoyé
[2025-12-02 14:51:03.512] [DEBUG] PING reçu, PONG envoyé
[2025-12-02 14:51:38.513] [DEBUG] PING reçu, PONG envoyé
[2025-12-02 14:51:38.513] [DEBUG] PING reçu, PONG envoyé
[2025-12-02 14:52:13.513] [DEBUG] PING reçu, PONG envoyé
[2025-12-02 14:52:13.513] [DEBUG] PING reçu, PONG envoyé
[2025-12-02 14:52:48.514] [DEBUG] PING reçu, PONG envoyé
[2025-12-02 14:52:48.514] [DEBUG] PING reçu, PONG envoyé
[2025-12-02 14:53:23.514] [DEBUG] PING reçu, PONG envoyé
[2025-12-02 14:53:23.514] [DEBUG] PING reçu, PONG envoyé
[2025-12-02 14:53:35.001] [INFO] Client créé pour 127.0.0.1:8080
[2025-12-02 14:54:57.117] [INFO] Client créé pour 127.0.0.1:8080
[2025-12-02 14:54:59.546] [DEBUG] MessageHandler créé pour socket 4
[2025-12-02 14:54:59.546] [CONNECT] Connecté en tant que mama
[2025-12-02 14:55:01.753] [DEBUG] MessageHandler créé pour socket 4
[2025-12-02 14:55:01.753] [CONNECT] Connecté en tant que momo
[2025-12-02 14:55:13.305] [DEBUG] PING reçu, PONG envoyé
[2025-12-02 14:55:13.305] [DEBUG] PING reçu, PONG envoyé
[2025-12-02 14:55:16.927] [ERROR] Sujet invalide
[2025-12-02 14:55:20.993] [INFO] Message reçu de mama (index: 0)
[2025-12-02 14:55:31.055] [ERROR] Destinataire invalide: 
[2025-12-02 14:55:48.305] [DEBUG] PING reçu, PONG envoyé
[2025-12-02 14:55:48.305] [DEBUG] PING reçu, PONG envoyé
[2025-12-02 14:56:23.306] [DEBUG] PING reçu, PONG envoyé
[2025-12-02 14:56:23.306] [DEBUG] PING reçu, PONG envoyé
[2025-12-02 14:56:58.306] [DEBUG] PING reçu, PONG envoyé
[2025-12-02 14:56:58.307] [DEBUG] PING reçu, PONG envoyé
[2025-12-02 14:57:33.310] [DEBUG] PING reçu, PONG envoyé
[2025-12-02 14:57:33.310] [DEBUG] PING reçu, PONG envoyé
[2025-12-02 14:57:47.165] [INFO] Connexion fermée
[2025-12-02 14:58:13.918] [INFO] Client créé pour 127.0.0.1:8080
[2025-12-02 14:58:15.716] [INFO] Client créé pour 127.0.0.1:8080
[2025-12-02 14:58:18.688] [CONNECT] Connecté en tant que mama
[2025-12-02 14:58:21.008] [CONNECT] Connecté en tant que momo
[2025-12-02 14:58:32.187] [ERROR] Destinataire invalide: 
[2025-12-02 14:58:46.778] [DEBUG] PING reçu, PONG envoyé
[2025-12-02 14:58:46.778] [DEBUG] PING reçu, PONG envoyé
[2025-12-02 14:59:21.780] [DEBUG] PING reçu, PONG envoyé
[2025-12-02 14:59:21.780] [DEBUG] PING reçu, PONG envoyé
[2025-12-02 14:59:56.781] [DEBUG] PING reçu, PONG envoyé
[2025-12-02 14:59:56.781] [DEBUG] PING reçu, PONG envoyé
[2025-12-02 15:00:31.781] [DEBUG] PING reçu, PONG envoyé
[2025-12-02 15:00:34.944] [INFO] Client créé pour 127.0.0.1:8080
[2025-12-02 15:00:37.860] [INFO] Client créé pour 127.0.0.1:8080
[2025-12-02 15:00:38.935] [CONNECT] Connecté en tant que momo
[2025-12-02 15:00:40.583] [CONNECT] Connecté en tant que mama
[2025-12-02 15:00:55.334] [ERROR] Destinataire invalide: 
[2025-12-02 15:01:06.781] [DEBUG] PING reçu, PONG envoyé
[2025-12-02 15:01:06.781] [DEBUG] PING reçu, PONG envoyé
[2025-12-02 15:01:41.782] [DEBUG] PING reçu, PONG envoyé
[2025-12-02 15:01:41.782] [DEBUG] PING reçu, PONG envoyé
[2025-12-02 15:02:16.782] [DEBUG] PING reçu, PONG envoyé
[2025-12-02 15:02:16.783] [DEBUG] PING reçu, PONG envoyé
[2025-12-02 15:02:51.784] [DEBUG] PING reçu, PONG envoyé
[2025-12-02 15:02:51.784] [DEBUG] PING reçu, PONG envoyé
[2025-12-02 15:03:26.785] [DEBUG] PING reçu, PONG envoyé
[2025-12-02 15:03:26.785] [DEBUG] PING reçu, PONG envoyé
[2025-12-02 15:04:01.787] [DEBUG] PING reçu, PONG envoyé
[2025-12-02 15:04:01.787] [DEBUG] PING reçu, PONG envoyé
[2025-12-02 15:04:50.665] [INFO] Client créé pour 127.0.0.1:8080
[2025-12-02 15:04:54.165] [INFO] Client créé pour 127.0.0.1:8080
[2025-12-02 15:04:57.152] [CONNECT] Connecté en tant que ma
[2025-12-02 15:04:58.600] [CONNECT] Connecté en tant que mo
[2025-12-02 15:05:10.070] [ERROR] Destinataire invalide: 
[2025-12-02 15:05:11.790] [DEBUG] PING reçu, PONG envoyé
[2025-12-02 15:05:11.790] [DEBUG] PING reçu, PONG envoyé
[2025-12-02 15:05:46.791] [DEBUG] PING reçu, PONG envoyé
[2025-12-02 15:05:46.791] [DEBUG] PING reçu, PONG envoyé
[2025-12-02 15:06:21.792] [DEBUG] PING reçu, PONG envoyé
[2025-12-02 15:06:21.792] [DEBUG] PING reçu, PONG envoyé
[2025-12-02 15:06:29.103] [INFO] Client créé pour 127.0.0.1:8080
[2025-12-02 15:06:30.068] [INFO] Client créé pour 127.0.0.1:8080
[2025-12-02 15:06:30.911] [CONNECT] Connecté en tant que ma
[2025-12-02 15:06:32.680] [CONNECT] Connecté en tant que mo
[2025-12-02 15:06:56.792] [DEBUG] PING reçu, PONG envoyé
[2025-12-02 15:06:56.793] [DEBUG] PING reçu, PONG envoyé
[2025-12-02 15:07:31.795] [DEBUG] PING reçu, PONG envoyé
[2025-12-02 15:07:31.797] [DEBUG] PING reçu, PONG envoyé
[2025-12-02 15:08:06.797] [DEBUG] PING reçu, PONG envoyé
[2025-12-02 15:08:06.798] [DEBUG] PING reçu, PONG envoyé
[2025-12-02 15:08:41.803] [DEBUG] PING reçu, PONG envoyé
[2025-12-02 15:08:41.805] [DEBUG] PING reçu, PONG envoyé
[2025-12-02 15:08:54.085] [INFO] Client créé pour 127.0.0.1:8080
[2025-12-02 15:08:54.818] [INFO] Client créé pour 127.0.0.1:8080
[2025-12-02 15:08:56.415] [CONNECT] Connecté en tant que ma
[2025-12-02 15:08:58.335] [CONNECT] Connecté en tant que mo
[2025-12-02 15:09:16.803] [DEBUG] PING reçu, PONG envoyé
[2025-12-02 15:09:16.803] [DEBUG] PING reçu, PONG envoyé
[2025-12-02 15:09:16.909] [ERROR] Destinataire invalide: 
[2025-12-02 15:09:51.803] [DEBUG] PING reçu, PONG envoyé
[2025-12-02 15:10:26.803] [DEBUG] PING reçu, PONG envoyé
[2025-12-02 15:11:01.804] [DEBUG] PING reçu, PONG envoyé
[2025-12-02 15:11:36.805] [DEBUG] PING reçu, PONG envoyé
[2025-12-02 15:12:06.910] [INFO] Client créé pour 127.0.0.1:8080
[2025-12-02 15:12:07.435] [INFO] Client créé pour 127.0.0.1:8080
[2025-12-02 15:12:08.799] [CONNECT] Connecté en tant que mo
[2025-12-02 15:12:10.358] [CONNECT] Connecté en tant que ma
[2025-12-02 15:12:11.805] [DEBUG] PING reçu, PONG envoyé
[2025-12-02 15:12:11.805] [DEBUG] PING reçu, PONG envoyé
[2025-12-02 15:13:17.941] [INFO] Client créé pour 127.0.0.1:8080
[2025-12-02 15:13:19.306] [INFO] Client créé pour 127.0.0.1:8080
[2025-12-02 15:13:20.903] [CONNECT] Connecté en tant que ma
[2025-12-02 15:13:22.878] [CONNECT] Connecté en tant que mo
[2025-12-02 15:13:46.040] [DEBUG] PING reçu, PONG envoyé
[2025-12-02 15:14:21.040] [DEBUG] PING reçu, PONG envoyé
[2025-12-02 15:14:56.041] [DEBUG] PING reçu, PONG envoyé
[2025-12-02 15:15:31.041] [DEBUG] PING reçu, PONG envoyé
[2025-12-02 15:16:06.041] [DEBUG] PING reçu, PONG envoyé
[2025-12-02 15:16:41.042] [DEBUG] PING reçu, PONG envoyé
[2025-12-02 15:17:16.042] [DEBUG] PING reçu, PONG envoyé
[2025-12-02 15:17:51.043] [DEBUG] PING reçu, PONG envoyé
[2025-12-02 15:18:26.046] [DEBUG] PING reçu, PONG envoyé
[2025-12-02 15:19:05.963] [INFO] Client créé pour 127.0.0.1:8080
[2025-12-02 15:19:06.522] [INFO] Client créé pour 127.0.0.1:8080
[2025-12-02 15:19:07.645] [CONNECT] Connecté en tant que ma
[2025-12-02 15:19:09.175] [CONNECT] Connecté en tant que mo
[2025-12-02 15:19:28.109] [ERROR] Destinataire invalide: 
[2025-12-02 15:19:36.047] [DEBUG] PING reçu, PONG envoyé
[2025-12-02 15:19:36.047] [DEBUG] PING reçu, PONG envoyé
[2025-12-02 15:20:11.047] [DEBUG] PING reçu, PONG envoyé
[2025-12-02 15:20:11.047] [DEBUG] PING reçu, PONG envoyé
[2025-12-02 15:20:46.047] [DEBUG] PING reçu, PONG envoyé
[2025-12-02 15:20:46.048] [DEBUG] PING reçu, PONG envoyé
[2025-12-02 15:21:21.048] [DEBUG] PING reçu, PONG envoyé
[2025-12-02 15:21:21.048] [DEBUG] PING reçu, PONG envoyé
[2025-12-02 15:21:56.048] [DEBUG] PING reçu, PONG envoyé
[2025-12-02 15:21:56.048] [DEBUG] PING reçu, PONG envoyé
[2025-12-02 15:22:16.741] [INFO] Connexion fermée
[2025-12-02 15:22:16.741] [INFO] Connexion fermée
[2025-12-02 15:27:07.456] [INFO] Client créé pour 127.0.0.1:8080
[2025-12-02 15:27:08.930] [INFO] Client créé pour 127.0.0.1:8080
[2025-12-02 15:27:27.565] [CONNECT] Connecté en tant que ma
[2025-12-02 15:27:29.429] [CONNECT] Connecté en tant que mo
[2025-12-02 15:27:50.205] [DEBUG] PING reçu, PONG envoyé
[2025-12-02 15:27:50.205] [DEBUG] PING reçu, PONG envoyé
[2025-12-02 15:27:51.643] [ERROR] Destinataire invalide: 
[2025-12-02 15:28:06.953] [INFO] Connexion fermée
[2025-12-02 15:28:06.953] [INFO] Connexion fermée
[2025-12-02 15:31:50.992] [INFO] Client créé pour 10.192.4.37:8080
[2025-12-02 15:31:51.899] [CONNECT] Connecté en tant que 5
[2025-12-02 16:08:00.100] [INFO] Client créé pour 10.192.4.37:8080
[2025-12-02 16:08:01.006] [CONNECT] Connecté en tant que mama
[2025-12-02 16:08:02.332] [INFO] Client créé pour 10.192.4.37:8080
[2025-12-02 16:08:03.256] [CONNECT] Connecté en tant que momo
[2025-12-02 16:08:26.913] [DEBUG] PING reçu, PONG envoyé
[2025-12-02 16:08:26.913] [DEBUG] PING reçu, PONG envoyé
[2025-12-02 16:40:25.328] [INFO] Client créé pour 10.192.4.37:8080
[2025-12-02 17:04:37.966] [INFO] Client créé pour 10.192.4.37:8080
[2025-12-02 17:04:39.504] [ERROR] Impossible de se connecter au serveur
[2025-12-02 17:05:53.933] [INFO] Client créé pour 10.192.4.37:8080
[2025-12-02 17:05:58.378] [CONNECT] Connecté en tant que djebril
[2025-12-02 17:06:01.184] [INFO] Client créé pour 10.192.4.37:8080
[2025-12-02 17:06:03.587] [CONNECT] Connecté en tant que jola
[2025-12-02 17:06:18.878] [DEBUG] PING reçu, PONG envoyé
[2025-12-02 17:06:18.878] [DEBUG] PING reçu, PONG envoyé
[2025-12-02 17:06:53.878] [DEBUG] PING reçu, PONG envoyé
[2025-12-02 17:06:53.878] [DEBUG] PING reçu, PONG envoyé
[2025-12-02 17:07:27.201] [ERROR] Sujet invalide
[2025-12-02 17:07:28.878] [DEBUG] PING reçu, PONG envoyé
[2025-12-02 17:07:28.878] [DEBUG] PING reçu, PONG envoyé
[2025-12-02 17:08:03.880] [DEBUG] PING reçu, PONG envoyé
[2025-12-02 17:08:03.880] [DEBUG] PING reçu, PONG envoyé
[2025-12-02 17:08:38.881] [DEBUG] PING reçu, PONG envoyé
[2025-12-02 17:08:38.881] [DEBUG] PING reçu, PONG envoyé
[2025-12-02 17:09:13.882] [DEBUG] PING reçu, PONG envoyé
[2025-12-02 17:09:13.882] [DEBUG] PING reçu, PONG envoyé
[2025-12-02 17:09:48.884] [DEBUG] PING reçu, PONG envoyé
[2025-12-02 17:09:48.884] [DEBUG] PING reçu, PONG envoyé
[2025-12-02 17:10:23.884] [DEBUG] PING reçu, PONG envoyé
[2025-12-02 17:10:23.884] [DEBUG] PING reçu, PONG envoyé
[2025-12-02 17:10:50.047] [INFO] Client créé pour 10.192.4.37:8080
[2025-12-02 17:10:58.884] [DEBUG] PING reçu, PONG envoyé
[2025-12-02 17:11:06.091] [INFO] Connexion fermée
